#
# There is insufficient memory for the Java Runtime Environment to continue.
# Native memory allocation (malloc) failed to allocate 1048576 bytes for AllocateHeap
# Possible reasons:
#   The system is out of physical RAM or swap space
#   The process is running with CompressedOops enabled, and the Java Heap may be blocking the growth of the native heap
# Possible solutions:
#   Reduce memory load on the system
#   Increase physical memory or swap space
#   Check if swap backing store is full
#   Decrease Java heap size (-Xmx/-Xms)
#   Decrease number of Java threads
#   Decrease Java thread stack sizes (-Xss)
#   Set larger code cache with -XX:ReservedCodeCacheSize=
#   JVM is running with Unscaled Compressed Oops mode in which the Java heap is
#     placed in the first 4GB address space. The Java Heap base address is the
#     maximum limit for the native heap growth. Please use -XX:HeapBaseMinAddress
#     to set the Java Heap base and to place the Java Heap above 4GB virtual address.
# This output file may be truncated or incomplete.
#
#  Out of Memory Error (memory/allocation.inline.hpp:61), pid=780, tid=0x00000000000028e8
#
# JRE version:  (8.0_242-b01) (build )
# Java VM: OpenJDK 64-Bit Server VM (25.242-b01 mixed mode windows-amd64 compressed oops)
# Failed to write core dump. Minidumps are not enabled by default on client versions of Windows
#

---------------  T H R E A D  ---------------

Current thread (0x0000000002d72800):  JavaThread "Unknown thread" [_thread_in_vm, id=10472, stack(0x0000000002c60000,0x0000000002d60000)]

Stack: [0x0000000002c60000,0x0000000002d60000]
[error occurred during error reporting (printing stack bounds), id 0xc0000005]

Native frames: (J=compiled Java code, j=interpreted, Vv=VM code, C=native code)


---------------  P R O C E S S  ---------------

Java Threads: ( => current thread )

Other Threads:

=>0x0000000002d72800 (exited) JavaThread "Unknown thread" [_thread_in_vm, id=10472, stack(0x0000000002c60000,0x0000000002d60000)]

VM state:not at safepoint (normal execution)

VM Mutex/Monitor currently owned by a thread: None

heap address: 0x0000000081e00000, size: 2018 MB, Compressed Oops mode: 32-bit
Narrow klass base: 0x0000000000000000, Narrow klass shift: 3
Compressed class space size: 1073741824 Address: 0x0000000100000000

Heap:
 PSYoungGen      total 38400K, used 665K [0x00000000d5f80000, 0x00000000d8a00000, 0x0000000100000000)
  eden space 33280K, 2% used [0x00000000d5f80000,0x00000000d6026670,0x00000000d8000000)
  from space 5120K, 0% used [0x00000000d8500000,0x00000000d8500000,0x00000000d8a00000)
  to   space 5120K, 0% used [0x00000000d8000000,0x00000000d8000000,0x00000000d8500000)
 ParOldGen       total 87552K, used 0K [0x0000000081e00000, 0x0000000087380000, 0x00000000d5f80000)
  object space 87552K, 0% used [0x0000000081e00000,0x0000000081e00000,0x0000000087380000)
 Metaspace       used 790K, capacity 1156K, committed 1408K, reserved 1060864K
  class space    used 74K, capacity 384K, committed 384K, reserved 1048576K

Card table byte_map: [0x00000000122b0000,0x00000000126b0000] byte_map_base: 0x0000000011ea1000

Marking Bits: (ParMarkBitMap*) 0x000000007247f030
 Begin Bits: [0x0000000012d60000, 0x0000000014ce8000)
 End Bits:   [0x0000000014ce8000, 0x0000000016c70000)

Polling page: 0x0000000000f10000

CodeCache: size=245760Kb used=328Kb max_used=328Kb free=245431Kb
 bounds [0x0000000002ef0000, 0x0000000003160000, 0x0000000011ef0000]
 total_blobs=57 nmethods=0 adapters=38
 compilation: enabled

Compilation events (0 events):
No events

GC Heap History (0 events):
No events

Deoptimization events (0 events):
No events

Classes redefined (0 events):
No events

Internal exceptions (0 events):
No events

Events (10 events):
Event: 0.027 loading class java/lang/Short
Event: 0.027 loading class java/lang/Short done
Event: 0.027 loading class java/lang/Integer
Event: 0.028 loading class java/lang/Integer done
Event: 0.028 loading class java/lang/Long
Event: 0.028 loading class java/lang/Long done
Event: 0.029 loading class java/lang/NullPointerException
Event: 0.029 loading class java/lang/NullPointerException done
Event: 0.029 loading class java/lang/ArithmeticException
Event: 0.029 loading class java/lang/ArithmeticException done


Dynamic libraries:
0x00007ff7e5390000 - 0x00007ff7e53c1000 	C:\Program Files\Android\Android Studio\jre\bin\java.exe
0x00007ffda2590000 - 0x00007ffda2785000 	C:\WINDOWS\SYSTEM32\ntdll.dll
0x00007ffda1c70000 - 0x00007ffda1d2d000 	C:\WINDOWS\System32\KERNEL32.DLL
0x00007ffda0110000 - 0x00007ffda03d9000 	C:\WINDOWS\System32\KERNELBASE.dll
0x00007ffda1bc0000 - 0x00007ffda1c6c000 	C:\WINDOWS\System32\ADVAPI32.dll
0x00007ffda22a0000 - 0x00007ffda233e000 	C:\WINDOWS\System32\msvcrt.dll
0x00007ffda23d0000 - 0x00007ffda246b000 	C:\WINDOWS\System32\sechost.dll
0x00007ffda1650000 - 0x00007ffda177a000 	C:\WINDOWS\System32\RPCRT4.dll
0x00007ffda0600000 - 0x00007ffda07a0000 	C:\WINDOWS\System32\USER32.dll
0x00007ffda0470000 - 0x00007ffda0492000 	C:\WINDOWS\System32\win32u.dll
0x00007ffda1e40000 - 0x00007ffda1e6a000 	C:\WINDOWS\System32\GDI32.dll
0x00007ffd9fe00000 - 0x00007ffd9ff0b000 	C:\WINDOWS\System32\gdi32full.dll
0x00007ffda0070000 - 0x00007ffda010d000 	C:\WINDOWS\System32\msvcp_win.dll
0x00007ffd9fcd0000 - 0x00007ffd9fdd0000 	C:\WINDOWS\System32\ucrtbase.dll
0x00007ffd902a0000 - 0x00007ffd9053a000 	C:\WINDOWS\WinSxS\amd64_microsoft.windows.common-controls_6595b64144ccf1df_6.0.19041.1110_none_60b5254171f9507e\COMCTL32.dll
0x00007ffda0d30000 - 0x00007ffda0d60000 	C:\WINDOWS\System32\IMM32.DLL
0x0000000071ad0000 - 0x0000000071ba2000 	C:\Program Files\Android\Android Studio\jre\jre\bin\msvcr100.dll
0x0000000071cb0000 - 0x00000000724fb000 	C:\Program Files\Android\Android Studio\jre\jre\bin\server\jvm.dll
0x00007ffda1f90000 - 0x00007ffda1f98000 	C:\WINDOWS\System32\PSAPI.DLL
0x00007ffd905f0000 - 0x00007ffd905fa000 	C:\WINDOWS\SYSTEM32\VERSION.dll
0x00007ffd9b180000 - 0x00007ffd9b189000 	C:\WINDOWS\SYSTEM32\WSOCK32.dll
0x00007ffd8d310000 - 0x00007ffd8d337000 	C:\WINDOWS\SYSTEM32\WINMM.dll
0x00007ffda14a0000 - 0x00007ffda150b000 	C:\WINDOWS\System32\WS2_32.dll
0x00007ffd94310000 - 0x00007ffd9431f000 	C:\Program Files\Android\Android Studio\jre\jre\bin\verify.dll
0x00007ffd8f300000 - 0x00007ffd8f329000 	C:\Program Files\Android\Android Studio\jre\jre\bin\java.dll
0x00007ffd8f2e0000 - 0x00007ffd8f2f6000 	C:\Program Files\Android\Android Studio\jre\jre\bin\zip.dll

VM Arguments:
jvm_args: -Dorg.gradle.appname=gradlew 
java_command: org.gradle.wrapper.GradleWrapperMain -Pverbose=true -Ptarget-platform=android-arm64 -Ptarget=E:\flutter projects\POS_PITS\lib\main.dart -Pdart-defines=Zmx1dHRlci5pbnNwZWN0b3Iuc3RydWN0dXJlZEVycm9ycz10cnVl,RkxVVFRFUl9XRUJfQVVUT19ERVRFQ1Q9dHJ1ZQ== -Pdart-obfuscation=false -Ptrack-widget-creation=true -Ptree-shake-icons=false -Pfilesystem-scheme=org-dartlang-root assembleDebug
java_class_path (initial): E:\flutter projects\POS_PITS\android\\gradle\wrapper\gradle-wrapper.jar
Launcher Type: SUN_STANDARD

Environment Variables:
JAVA_HOME=C:\Program Files\Android\Android Studio\jre
CLASSPATH=E:\flutter projects\POS_PITS\android\\gradle\wrapper\gradle-wrapper.jar
PATH=C:\Python39\Scripts\;C:\Python39\;C:\Program Files\Common Files\Oracle\Java\javapath;C:\WINDOWS\system32;C:\WINDOWS;C:\WINDOWS\System32\Wbem;C:\WINDOWS\System32\WindowsPowerShell\v1.0\;C:\WINDOWS\System32\OpenSSH\;C:\Program Files\Java\jdk-15.0.1\bin;C:\src\dart-sdk\bin;C:\src\flutter\bin;C:\Users\HP\AppData\Local\Pub\Cache\bin;C:\Program Files\Git\cmd;C:\ProgramData\chocolatey\bin;C:\Program Files\nodejs\;C:\Users\HP\AppData\Local\Microsoft\WindowsApps;C:\Users\HP\AppData\Local\Pub\Cache\bin;C:\flutter\bin;C:\Users\HP\AppData\Roaming\npm;E:\flutter\bin\mingit\cmd
USERNAME=HP
OS=Windows_NT
PROCESSOR_IDENTIFIER=Intel64 Family 6 Model 58 Stepping 9, GenuineIntel



---------------  S Y S T E M  ---------------

OS: Windows 10.0 , 64 bit Build 19041 (10.0.19041.1023)

CPU:total 4 (initial active 4) (2 cores per cpu, 2 threads per core) family 6 model 58 stepping 9, cmov, cx8, fxsr, mmx, sse, sse2, sse3, ssse3, sse4.1, sse4.2, popcnt, avx, clmul, erms, ht, tsc, tscinvbit, tscinv

Memory: 4k page, physical 8263904k(467712k free), swap 17819100k(3128k free)

vm_info: OpenJDK 64-Bit Server VM (25.242-b01) for windows-amd64 JRE (1.8.0_242-release-1644-b01), built by "builder" with MS VC++ 10.0 (VS2010)

time: Fri Aug 13 11:48:42 2021
timezone: Pakistan Standard Time
elapsed time: 0 seconds (0d 0h 0m 0s)

